{
  "0 debug pnpm:scope": {
    "selected": 1,
    "workspacePrefix": "/Users/xufuying/Desktop/projects/blog"
  },
  "1 error pnpm": {
    "errno": 1,
    "code": "ELIFECYCLE",
    "pkgid": "sugar-wiki-monorepo@2.0.0",
    "stage": "build",
    "script": "pnpm --filter 'blogpress' build",
    "pkgname": "sugar-wiki-monorepo",
    "err": {
      "name": "Error",
      "message": "sugar-wiki-monorepo@2.0.0 build: `pnpm --filter 'blogpress' build`\nExit status 1",
      "code": "ELIFECYCLE",
      "stack": "Error: sugar-wiki-monorepo@2.0.0 build: `pnpm --filter 'blogpress' build`\nExit status 1\n    at EventEmitter.<anonymous> (/Users/xufuying/.node/corepack/pnpm/6.11.0/dist/pnpm.cjs:104774:20)\n    at EventEmitter.emit (node:events:390:28)\n    at ChildProcess.<anonymous> (/Users/xufuying/.node/corepack/pnpm/6.11.0/dist/pnpm.cjs:93080:18)\n    at ChildProcess.emit (node:events:390:28)\n    at maybeClose (node:internal/child_process:1064:16)\n    at Process.ChildProcess._handle.onexit (node:internal/child_process:301:5)"
    }
  }
}